2020-03-31 15:13:34,634 desired_caps.py[line:32] INFO start app...
2020-03-31 15:28:24,708 desired_caps.py[line:32] INFO start app...
2020-03-31 15:32:11,861 desired_caps.py[line:32] INFO start app...
2020-03-31 15:33:14,815 desired_caps.py[line:32] INFO start app...
2020-03-31 15:33:29,503 common.py[line:12] INFO =====check_cancelBtn=====
2020-03-31 15:33:31,414 common.py[line:21] INFO =====check_skipBtn=====
2020-03-31 15:37:20,465 desired_caps.py[line:32] INFO start app...
2020-03-31 15:37:56,674 desired_caps.py[line:32] INFO start app...
2020-03-31 15:38:18,583 common.py[line:12] INFO =====check_cancelBtn=====
2020-03-31 15:38:20,363 common.py[line:21] INFO =====check_skipBtn=====
2020-03-31 15:44:58,440 desired_caps.py[line:32] INFO start app...
2020-03-31 15:45:08,608 common.py[line:13] INFO =====check_cancelBtn=====
2020-03-31 15:45:14,797 common.py[line:22] INFO =====check_skipBtn=====
2020-03-31 15:57:30,814 desired_caps.py[line:32] INFO start app...
2020-03-31 15:57:39,576 common.py[line:13] INFO =====check_cancelBtn=====
2020-03-31 15:57:46,416 common.py[line:22] INFO =====check_skipBtn=====
2020-03-31 16:09:20,417 desired_caps.py[line:32] INFO start app...
2020-03-31 16:09:28,065 common.py[line:13] INFO =====check_cancelBtn=====
2020-03-31 16:09:29,534 common.py[line:22] INFO =====check_skipBtn=====
2020-03-31 16:10:12,223 desired_caps.py[line:32] INFO start app...
2020-03-31 16:10:22,384 common.py[line:13] INFO =====check_cancelBtn=====
2020-03-31 16:10:23,989 common.py[line:22] INFO =====check_skipBtn=====
2020-03-31 16:10:56,871 desired_caps.py[line:32] INFO start app...
2020-03-31 16:11:09,871 common.py[line:13] INFO =====check_cancelBtn=====
2020-03-31 16:11:11,169 common.py[line:22] INFO =====check_skipBtn=====
2020-03-31 16:12:30,369 desired_caps.py[line:32] INFO start app...
2020-03-31 16:12:42,311 common.py[line:13] INFO =====check_cancelBtn=====
2020-03-31 16:12:43,754 common.py[line:22] INFO =====check_skipBtn=====
2020-03-31 16:21:07,696 desired_caps.py[line:32] INFO start app...
2020-03-31 16:21:31,625 common.py[line:13] INFO =====check_cancelBtn=====
2020-03-31 16:21:33,099 common.py[line:22] INFO =====check_skipBtn=====
2020-03-31 16:21:35,176 login_view.py[line:15] INFO =====login_action=====
2020-03-31 16:21:35,177 login_view.py[line:16] INFO username:zxw1234
2020-03-31 16:21:41,185 login_view.py[line:19] INFO password:zxw123456
2020-03-31 16:21:47,290 login_view.py[line:22] INFO click loginBtn
2020-03-31 16:21:47,917 login_view.py[line:24] INFO login finished!
